[2025-03-12 07:30:20] [1] [WARN] Reporting disabled: using no op test run registrar
[2025-03-12 07:30:20] [1] [INFO] TEST [Surefire test - testCreateUser] STARTED at [20:30:20 2025-03-12]
[2025-03-12 07:30:20] [1] [INFO] Test - create user
[2025-03-12 07:30:20] [1] [INFO] Base properties loaded: api/users/user.properties
[2025-03-12 07:30:21] [1] [INFO] Base properties loaded: api/users/user.properties
[2025-03-12 07:30:23] [1] [INFO] Request method:	POST
Request URI:	https://fakestoreapi.com/users
Request params:	<none>
Query params:	<none>
Form params:	<none>
Path params:	<none>
Multiparts:		<none>
Cookies:		<none>
Headers:		Accept=*/*
				Content-Type=application/json; charset=UTF-8
Body:
{
    "email": "mathew@car",
    "username": "Mathew123",
    "password": "password"
}
HTTP/1.1 200 OK
Date: Wed, 12 Mar 2025 19:30:22 GMT
Content-Type: application/json; charset=utf-8
Content-Length: 9
Connection: keep-alive
access-control-allow-origin: *
etag: W/"9-hVv0cNJophUD7CGn+ZqXp8tVGo0"
x-powered-by: Express
cf-cache-status: DYNAMIC
Report-To: {"endpoints":[{"url":"https:\/\/a.nel.cloudflare.com\/report\/v4?s=WPNiuHT4n1rKy%2BDDrmlUY59Qi6LOOaToRWaYntnZRltnTGsQqNq1DwqYNapV2Es6cJp8cg1SG3Q04fKeD98H3z0WeszcRuhRhYC1cFNFSv4dtkNXjjLg3MsUE3sgRmrTJsiF"}],"group":"cf-nel","max_age":604800}
NEL: {"success_fraction":0,"report_to":"cf-nel","max_age":604800}
Server: cloudflare
CF-RAY: 91f5b4a8ce6134ee-WAW
alt-svc: h3=":443"; ma=86400
server-timing: cfL4;desc="?proto=TCP&rtt=18473&min_rtt=14228&rtt_var=12460&sent=7&recv=7&lost=0&retrans=0&sent_bytes=3127&recv_bytes=940&delivery_rate=192843&cwnd=246&unsent_bytes=0&cid=cbeb568dc4d15aac&ts=403&x=0"

{
    "id": 11
}

[2025-03-12 07:30:24] [1] [INFO] Request method:	POST
Request URI:	https://fakestoreapi.com/users
Request params:	<none>
Query params:	<none>
Form params:	<none>
Path params:	<none>
Multiparts:		<none>
Cookies:		<none>
Headers:		Accept=*/*
				Content-Type=application/json; charset=UTF-8
Body:
{
    "email": "mathew@car",
    "username": "Mathew123",
    "password": "password"
}
HTTP/1.1 200 OK
Date: Wed, 12 Mar 2025 19:30:23 GMT
Content-Type: application/json; charset=utf-8
Content-Length: 8
Connection: keep-alive
access-control-allow-origin: *
etag: W/"8-h5EdGu1QmHe4OkjsU292jNzSLfE"
x-powered-by: Express
cf-cache-status: DYNAMIC
Report-To: {"endpoints":[{"url":"https:\/\/a.nel.cloudflare.com\/report\/v4?s=vzjX2av1HdTUrrb6E9cMShphjKk0J4w3lsEXNnyeb33a4VcAMF3KtdodBzmEpzw3jJasFByL9caMDe0mn8PjytNGgu2lQcJSHYrclrElanlDYUWYpzZDnYxW67QbevUTdCFu"}],"group":"cf-nel","max_age":604800}
NEL: {"success_fraction":0,"report_to":"cf-nel","max_age":604800}
Server: cloudflare
CF-RAY: 91f5b4b16be611d5-VIE
alt-svc: h3=":443"; ma=86400
server-timing: cfL4;desc="?proto=TCP&rtt=46069&min_rtt=42633&rtt_var=14089&sent=5&recv=6&lost=0&retrans=0&sent_bytes=3127&recv_bytes=940&delivery_rate=90061&cwnd=212&unsent_bytes=0&cid=d80c6d517cbdfbc9&ts=206&x=0"

{
    "id": 1
}

[2025-03-12 07:30:26] [1] [INFO] Request method:	POST
Request URI:	https://fakestoreapi.com/users
Request params:	<none>
Query params:	<none>
Form params:	<none>
Path params:	<none>
Multiparts:		<none>
Cookies:		<none>
Headers:		Accept=*/*
				Content-Type=application/json; charset=UTF-8
Body:
{
    "email": "mathew@car",
    "username": "Mathew123",
    "password": "password"
}
HTTP/1.1 200 OK
Date: Wed, 12 Mar 2025 19:30:25 GMT
Content-Type: application/json; charset=utf-8
Content-Length: 8
Connection: keep-alive
access-control-allow-origin: *
etag: W/"8-h5EdGu1QmHe4OkjsU292jNzSLfE"
x-powered-by: Express
cf-cache-status: DYNAMIC
Report-To: {"endpoints":[{"url":"https:\/\/a.nel.cloudflare.com\/report\/v4?s=iPBmCJn%2FEam%2FTphsQF02HZcd%2Fpsx%2BGL5Y9COY2zgB12B8fBmY628EIPYeHcDS73KuwC8eTYo8Y5oz0I45itHuDlWly3r1L5727VHf%2FzgcWIw34rc58xmMcwyL2mnCJnyzTZw"}],"group":"cf-nel","max_age":604800}
NEL: {"success_fraction":0,"report_to":"cf-nel","max_age":604800}
Server: cloudflare
CF-RAY: 91f5b4b9ee6751d5-VIE
alt-svc: h3=":443"; ma=86400
server-timing: cfL4;desc="?proto=TCP&rtt=44810&min_rtt=42210&rtt_var=13724&sent=5&recv=6&lost=0&retrans=0&sent_bytes=3127&recv_bytes=940&delivery_rate=90626&cwnd=252&unsent_bytes=0&cid=a9f5795b49711b3d&ts=196&x=0"

{
    "id": 1
}

[2025-03-12 07:30:26] [1] [ERROR] TEST [Surefire test - testCreateUser] FAILED at [20:30:26 2025-03-12] - 
Expected: email
     but none found
 ; 
Expected: password
     but none found
 ; 
Expected: username
     but none found
 ; 
Unexpected: id


org.skyscreamer.jsonassert.JSONAssert.assertEquals(JSONAssert.java:482)
org.skyscreamer.jsonassert.JSONAssert.assertEquals(JSONAssert.java:464)
com.zebrunner.carina.api.AbstractApiMethodV2.validateResponse(AbstractApiMethodV2.java:339)
com.zebrunner.carina.api.AbstractApiMethodV2.validateResponse(AbstractApiMethodV2.java:299)
com.zebrunner.carina.api.AbstractApiMethodV2.validateResponse(AbstractApiMethodV2.java:363)
com.solvd.carina.tests.APITests.testCreateUser(APITests.java:39)
java.base/jdk.internal.reflect.NativeMethodAccessorImpl.invoke0(Native Method)
java.base/jdk.internal.reflect.NativeMethodAccessorImpl.invoke(NativeMethodAccessorImpl.java:77)
java.base/jdk.internal.reflect.DelegatingMethodAccessorImpl.invoke(DelegatingMethodAccessorImpl.java:43)
java.base/java.lang.reflect.Method.invoke(Method.java:568)
org.testng.internal.invokers.MethodInvocationHelper.invokeMethod(MethodInvocationHelper.java:139)
org.testng.internal.invokers.TestInvoker.invokeMethod(TestInvoker.java:664)
org.testng.internal.invokers.TestInvoker.invokeTestMethod(TestInvoker.java:227)
org.testng.internal.invokers.MethodRunner.runInSequence(MethodRunner.java:50)
org.testng.internal.invokers.TestInvoker$MethodInvocationAgent.invoke(TestInvoker.java:957)
org.testng.internal.invokers.TestInvoker.invokeTestMethods(TestInvoker.java:200)
org.testng.internal.invokers.TestMethodWorker.invokeTestMethods(TestMethodWorker.java:148)
org.testng.internal.invokers.TestMethodWorker.run(TestMethodWorker.java:128)
java.base/java.util.ArrayList.forEach(ArrayList.java:1511)
org.testng.TestRunner.privateRun(TestRunner.java:848)
org.testng.TestRunner.run(TestRunner.java:621)
org.testng.SuiteRunner.runTest(SuiteRunner.java:443)
org.testng.SuiteRunner.runSequentially(SuiteRunner.java:437)
org.testng.SuiteRunner.privateRun(SuiteRunner.java:397)
org.testng.SuiteRunner.run(SuiteRunner.java:336)
org.testng.SuiteRunnerWorker.runSuite(SuiteRunnerWorker.java:52)
org.testng.SuiteRunnerWorker.run(SuiteRunnerWorker.java:95)
org.testng.TestNG.runSuitesSequentially(TestNG.java:1280)
org.testng.TestNG.runSuitesLocally(TestNG.java:1200)
org.testng.TestNG.runSuites(TestNG.java:1114)
org.testng.TestNG.run(TestNG.java:1082)
org.apache.maven.surefire.testng.TestNGExecutor.run(TestNGExecutor.java:155)
org.apache.maven.surefire.testng.TestNGDirectoryTestSuite.executeSingleClass(TestNGDirectoryTestSuite.java:102)
org.apache.maven.surefire.testng.TestNGDirectoryTestSuite.execute(TestNGDirectoryTestSuite.java:91)
org.apache.maven.surefire.testng.TestNGProvider.invoke(TestNGProvider.java:137)
org.apache.maven.surefire.booter.ForkedBooter.runSuitesInProcess(ForkedBooter.java:385)
org.apache.maven.surefire.booter.ForkedBooter.execute(ForkedBooter.java:162)
org.apache.maven.surefire.booter.ForkedBooter.run(ForkedBooter.java:507)
org.apache.maven.surefire.booter.ForkedBooter.main(ForkedBooter.java:495)
