[2025-03-12 07:30:26] [1] [WARN] Reporting disabled: using no op test run registrar
[2025-03-12 07:30:26] [1] [INFO] TEST [Surefire test - testGetUser] STARTED at [20:30:26 2025-03-12]
[2025-03-12 07:30:26] [1] [INFO] Test - get user
[2025-03-12 07:30:27] [1] [INFO] Request method:	GET
Request URI:	https://fakestoreapi.com/users/1
Request params:	<none>
Query params:	<none>
Form params:	<none>
Path params:	<none>
Multiparts:		<none>
Cookies:		<none>
Headers:		Accept=*/*
				Content-Type=application/json; charset=UTF-8
Body:			<none>
HTTP/1.1 200 OK
Date: Wed, 12 Mar 2025 19:30:25 GMT
Content-Type: application/json; charset=utf-8
Transfer-Encoding: chunked
Connection: keep-alive
access-control-allow-origin: *
etag: W/"120-HNMhv14aQeBJetA9fBvavCZ+gdk"
x-powered-by: Express
cf-cache-status: DYNAMIC
Report-To: {"endpoints":[{"url":"https:\/\/a.nel.cloudflare.com\/report\/v4?s=ne2aF3vrEIVg99ysR%2FcCYS%2BzA8PX%2F2iOLQzKvZDZsU%2FJGrzeOZuRm9orVQHhNGxjlHlvERFlKzfIpSA%2F3qSd%2FCNJkMLq%2BNj2ozCT8%2B%2FK6kWfNZR6eXGDaeVyQSEFe53584gd"}],"group":"cf-nel","max_age":604800}
NEL: {"success_fraction":0,"report_to":"cf-nel","max_age":604800}
Server: cloudflare
CF-RAY: 91f5b4bf2e01b4b5-VIE
Content-Encoding: gzip
alt-svc: h3=":443"; ma=86400
server-timing: cfL4;desc="?proto=TCP&rtt=43981&min_rtt=42520&rtt_var=13509&sent=5&recv=6&lost=0&retrans=0&sent_bytes=3127&recv_bytes=823&delivery_rate=89403&cwnd=252&unsent_bytes=0&cid=4f5dc0a48cd8f8ea&ts=186&x=0"

{
    "address": {
        "geolocation": {
            "lat": "-37.3159",
            "long": "81.1496"
        },
        "city": "kilcoole",
        "street": "new road",
        "number": 7682,
        "zipcode": "12926-3874"
    },
    "id": 1,
    "email": "john@gmail.com",
    "username": "johnd",
    "password": "m38rmF$",
    "name": {
        "firstname": "john",
        "lastname": "doe"
    },
    "phone": "1-570-236-7033",
    "__v": 0
}

[2025-03-12 07:30:27] [1] [WARN] JSON schema version can not be detected
[2025-03-12 07:30:27] [1] [ERROR] TEST [Surefire test - testGetUser] FAILED at [20:30:27 2025-03-12] - Validation against Json schema failed: 
[]: instance type (object) does not match any allowed primitive type (allowed: ["array"])


com.zebrunner.carina.api.apitools.validation.JsonValidator.validateJsonAgainstSchemaV3V4(JsonValidator.java:121)
com.zebrunner.carina.api.apitools.validation.JsonValidator.validateJsonAgainstSchema(JsonValidator.java:74)
com.zebrunner.carina.api.AbstractApiMethodV2.validateResponseAgainstSchema(AbstractApiMethodV2.java:388)
com.solvd.carina.tests.APITests.testGetUser(APITests.java:61)
java.base/jdk.internal.reflect.NativeMethodAccessorImpl.invoke0(Native Method)
java.base/jdk.internal.reflect.NativeMethodAccessorImpl.invoke(NativeMethodAccessorImpl.java:77)
java.base/jdk.internal.reflect.DelegatingMethodAccessorImpl.invoke(DelegatingMethodAccessorImpl.java:43)
java.base/java.lang.reflect.Method.invoke(Method.java:568)
org.testng.internal.invokers.MethodInvocationHelper.invokeMethod(MethodInvocationHelper.java:139)
org.testng.internal.invokers.TestInvoker.invokeMethod(TestInvoker.java:664)
org.testng.internal.invokers.TestInvoker.invokeTestMethod(TestInvoker.java:227)
org.testng.internal.invokers.MethodRunner.runInSequence(MethodRunner.java:50)
org.testng.internal.invokers.TestInvoker$MethodInvocationAgent.invoke(TestInvoker.java:957)
org.testng.internal.invokers.TestInvoker.invokeTestMethods(TestInvoker.java:200)
org.testng.internal.invokers.TestMethodWorker.invokeTestMethods(TestMethodWorker.java:148)
org.testng.internal.invokers.TestMethodWorker.run(TestMethodWorker.java:128)
java.base/java.util.ArrayList.forEach(ArrayList.java:1511)
org.testng.TestRunner.privateRun(TestRunner.java:848)
org.testng.TestRunner.run(TestRunner.java:621)
org.testng.SuiteRunner.runTest(SuiteRunner.java:443)
org.testng.SuiteRunner.runSequentially(SuiteRunner.java:437)
org.testng.SuiteRunner.privateRun(SuiteRunner.java:397)
org.testng.SuiteRunner.run(SuiteRunner.java:336)
org.testng.SuiteRunnerWorker.runSuite(SuiteRunnerWorker.java:52)
org.testng.SuiteRunnerWorker.run(SuiteRunnerWorker.java:95)
org.testng.TestNG.runSuitesSequentially(TestNG.java:1280)
org.testng.TestNG.runSuitesLocally(TestNG.java:1200)
org.testng.TestNG.runSuites(TestNG.java:1114)
org.testng.TestNG.run(TestNG.java:1082)
org.apache.maven.surefire.testng.TestNGExecutor.run(TestNGExecutor.java:155)
org.apache.maven.surefire.testng.TestNGDirectoryTestSuite.executeSingleClass(TestNGDirectoryTestSuite.java:102)
org.apache.maven.surefire.testng.TestNGDirectoryTestSuite.execute(TestNGDirectoryTestSuite.java:91)
org.apache.maven.surefire.testng.TestNGProvider.invoke(TestNGProvider.java:137)
org.apache.maven.surefire.booter.ForkedBooter.runSuitesInProcess(ForkedBooter.java:385)
org.apache.maven.surefire.booter.ForkedBooter.execute(ForkedBooter.java:162)
org.apache.maven.surefire.booter.ForkedBooter.run(ForkedBooter.java:507)
org.apache.maven.surefire.booter.ForkedBooter.main(ForkedBooter.java:495)
