[2025-03-12 07:35:32] [1] [WARN] Reporting disabled: using no op test run registrar
[2025-03-12 07:35:32] [1] [INFO] TEST [Surefire test - testCreateUser] STARTED at [20:35:32 2025-03-12]
[2025-03-12 07:35:32] [1] [INFO] Test - create user
[2025-03-12 07:35:32] [1] [INFO] Base properties loaded: api/users/user.properties
[2025-03-12 07:35:34] [1] [INFO] Request method:	POST
Request URI:	https://fakestoreapi.com/users
Request params:	<none>
Query params:	<none>
Form params:	<none>
Path params:	<none>
Multiparts:		<none>
Cookies:		<none>
Headers:		Accept=*/*
				Content-Type=application/json; charset=UTF-8
Body:
{
    "email": "mathew@car",
    "username": "Mathew123",
    "password": "password"
}
HTTP/1.1 200 OK
Date: Wed, 12 Mar 2025 19:35:33 GMT
Content-Type: application/json; charset=utf-8
Content-Length: 9
Connection: keep-alive
access-control-allow-origin: *
etag: W/"9-hVv0cNJophUD7CGn+ZqXp8tVGo0"
x-powered-by: Express
cf-cache-status: DYNAMIC
Report-To: {"endpoints":[{"url":"https:\/\/a.nel.cloudflare.com\/report\/v4?s=po0uylUpcnmtRFsdADCpa3kXAyx2OmUO4%2BvCAdsROrJSRNaMJQTS6wtB8bkUil%2Fw6dqEpbeh1MDjVrhKz9Tzh569sQ5VzOdmi0Hujib1a7W3anhYWH8fV%2B%2Bn3dxZgeX0BfnJ"}],"group":"cf-nel","max_age":604800}
NEL: {"success_fraction":0,"report_to":"cf-nel","max_age":604800}
Server: cloudflare
CF-RAY: 91f5bc424a7ac5fa-VIE
alt-svc: h3=":443"; ma=86400
server-timing: cfL4;desc="?proto=TCP&rtt=49512&min_rtt=42218&rtt_var=23027&sent=7&recv=8&lost=0&retrans=0&sent_bytes=3127&recv_bytes=940&delivery_rate=67269&cwnd=251&unsent_bytes=0&cid=8af46f9e26316f23&ts=353&x=0"

{
    "id": 11
}

[2025-03-12 07:35:36] [1] [INFO] Request method:	POST
Request URI:	https://fakestoreapi.com/users
Request params:	<none>
Query params:	<none>
Form params:	<none>
Path params:	<none>
Multiparts:		<none>
Cookies:		<none>
Headers:		Accept=*/*
				Content-Type=application/json; charset=UTF-8
Body:
{
    "email": "mathew@car",
    "username": "Mathew123",
    "password": "password"
}
HTTP/1.1 200 OK
Date: Wed, 12 Mar 2025 19:35:35 GMT
Content-Type: application/json; charset=utf-8
Content-Length: 9
Connection: keep-alive
access-control-allow-origin: *
etag: W/"9-hVv0cNJophUD7CGn+ZqXp8tVGo0"
x-powered-by: Express
cf-cache-status: DYNAMIC
Report-To: {"endpoints":[{"url":"https:\/\/a.nel.cloudflare.com\/report\/v4?s=NdlTzUE2lt2upTPTrh5pmBIFG8XRXzxsZWgGTZEOrfyCoiEk8HV6EbRoKqNiCyA5fCY2coePyFJQjp%2FaP8CFtESClUOLLvSZj%2B6v2VLHvRAdcs4lINQI2ypCm336nzyGOGsg"}],"group":"cf-nel","max_age":604800}
NEL: {"success_fraction":0,"report_to":"cf-nel","max_age":604800}
Server: cloudflare
CF-RAY: 91f5bc4afc820388-VIE
alt-svc: h3=":443"; ma=86400
server-timing: cfL4;desc="?proto=TCP&rtt=43612&min_rtt=43181&rtt_var=12893&sent=5&recv=6&lost=0&retrans=0&sent_bytes=3127&recv_bytes=940&delivery_rate=94614&cwnd=250&unsent_bytes=0&cid=ff1a4f195916a9c4&ts=197&x=0"

{
    "id": 11
}

[2025-03-12 07:35:37] [1] [INFO] Request method:	POST
Request URI:	https://fakestoreapi.com/users
Request params:	<none>
Query params:	<none>
Form params:	<none>
Path params:	<none>
Multiparts:		<none>
Cookies:		<none>
Headers:		Accept=*/*
				Content-Type=application/json; charset=UTF-8
Body:
{
    "email": "mathew@car",
    "username": "Mathew123",
    "password": "password"
}
HTTP/1.1 200 OK
Date: Wed, 12 Mar 2025 19:35:36 GMT
Content-Type: application/json; charset=utf-8
Content-Length: 8
Connection: keep-alive
access-control-allow-origin: *
etag: W/"8-h5EdGu1QmHe4OkjsU292jNzSLfE"
x-powered-by: Express
cf-cache-status: DYNAMIC
Report-To: {"endpoints":[{"url":"https:\/\/a.nel.cloudflare.com\/report\/v4?s=szeRmY%2B6ctK46Z54nT9XuvxpJuPz1jgJWKlXwL2w0OdgHxXIfbiNcUTckwkm4%2FwpsBDgldcnSHn%2FvMuZwcYFLujBQxdAeeAOg1X6jFebdyGZHTmT4VeyxthldYX3VL9zdGn2"}],"group":"cf-nel","max_age":604800}
NEL: {"success_fraction":0,"report_to":"cf-nel","max_age":604800}
Server: cloudflare
CF-RAY: 91f5bc533a2b4884-VIE
alt-svc: h3=":443"; ma=86400
server-timing: cfL4;desc="?proto=TCP&rtt=45003&min_rtt=42064&rtt_var=13656&sent=5&recv=6&lost=0&retrans=0&sent_bytes=3127&recv_bytes=940&delivery_rate=92199&cwnd=252&unsent_bytes=0&cid=05a9bbbd81bd7ba0&ts=185&x=0"

{
    "id": 1
}

[2025-03-12 07:35:37] [1] [ERROR] TEST [Surefire test - testCreateUser] FAILED at [20:35:37 2025-03-12] - 
Expected: email
     but none found
 ; 
Expected: password
     but none found
 ; 
Expected: username
     but none found
 ; 
Unexpected: id


org.skyscreamer.jsonassert.JSONAssert.assertEquals(JSONAssert.java:482)
org.skyscreamer.jsonassert.JSONAssert.assertEquals(JSONAssert.java:464)
com.zebrunner.carina.api.AbstractApiMethodV2.validateResponse(AbstractApiMethodV2.java:339)
com.zebrunner.carina.api.AbstractApiMethodV2.validateResponse(AbstractApiMethodV2.java:299)
com.zebrunner.carina.api.AbstractApiMethodV2.validateResponse(AbstractApiMethodV2.java:363)
com.solvd.carina.tests.APITests.testCreateUser(APITests.java:39)
java.base/jdk.internal.reflect.NativeMethodAccessorImpl.invoke0(Native Method)
java.base/jdk.internal.reflect.NativeMethodAccessorImpl.invoke(NativeMethodAccessorImpl.java:77)
java.base/jdk.internal.reflect.DelegatingMethodAccessorImpl.invoke(DelegatingMethodAccessorImpl.java:43)
java.base/java.lang.reflect.Method.invoke(Method.java:568)
org.testng.internal.invokers.MethodInvocationHelper.invokeMethod(MethodInvocationHelper.java:139)
org.testng.internal.invokers.TestInvoker.invokeMethod(TestInvoker.java:664)
org.testng.internal.invokers.TestInvoker.invokeTestMethod(TestInvoker.java:227)
org.testng.internal.invokers.MethodRunner.runInSequence(MethodRunner.java:50)
org.testng.internal.invokers.TestInvoker$MethodInvocationAgent.invoke(TestInvoker.java:957)
org.testng.internal.invokers.TestInvoker.invokeTestMethods(TestInvoker.java:200)
org.testng.internal.invokers.TestMethodWorker.invokeTestMethods(TestMethodWorker.java:148)
org.testng.internal.invokers.TestMethodWorker.run(TestMethodWorker.java:128)
java.base/java.util.ArrayList.forEach(ArrayList.java:1511)
org.testng.TestRunner.privateRun(TestRunner.java:848)
org.testng.TestRunner.run(TestRunner.java:621)
org.testng.SuiteRunner.runTest(SuiteRunner.java:443)
org.testng.SuiteRunner.runSequentially(SuiteRunner.java:437)
org.testng.SuiteRunner.privateRun(SuiteRunner.java:397)
org.testng.SuiteRunner.run(SuiteRunner.java:336)
org.testng.SuiteRunnerWorker.runSuite(SuiteRunnerWorker.java:52)
org.testng.SuiteRunnerWorker.run(SuiteRunnerWorker.java:95)
org.testng.TestNG.runSuitesSequentially(TestNG.java:1280)
org.testng.TestNG.runSuitesLocally(TestNG.java:1200)
org.testng.TestNG.runSuites(TestNG.java:1114)
org.testng.TestNG.run(TestNG.java:1082)
org.apache.maven.surefire.testng.TestNGExecutor.run(TestNGExecutor.java:155)
org.apache.maven.surefire.testng.TestNGDirectoryTestSuite.executeSingleClass(TestNGDirectoryTestSuite.java:102)
org.apache.maven.surefire.testng.TestNGDirectoryTestSuite.execute(TestNGDirectoryTestSuite.java:91)
org.apache.maven.surefire.testng.TestNGProvider.invoke(TestNGProvider.java:137)
org.apache.maven.surefire.booter.ForkedBooter.runSuitesInProcess(ForkedBooter.java:385)
org.apache.maven.surefire.booter.ForkedBooter.execute(ForkedBooter.java:162)
org.apache.maven.surefire.booter.ForkedBooter.run(ForkedBooter.java:507)
org.apache.maven.surefire.booter.ForkedBooter.main(ForkedBooter.java:495)
