[2025-03-12 07:44:31] [1] [INFO] 
============= Basic configuration =============
env=DEMO
=========== WebDriver configuration ===========
url=https://fakestoreapi.com
localization_encoding=UTF-8
language=en_US
-------------- Driver capabilities ------------
===============================================

[2025-03-12 07:44:31] [1] [WARN] Reporting disabled: using no op test run registrar
[2025-03-12 07:44:33] [1] [INFO] [TestNG] Running:
  Command line suite

[2025-03-12 07:44:33] [1] [INFO] Set thread-count=1
[2025-03-12 07:44:33] [1] [INFO] Set data-provider-thread-count=1
[2025-03-12 07:44:33] [1] [INFO] CARINA_CORE_VERSION: 1.3.0
[2025-03-12 07:44:34] [1] [WARN] Reporting disabled: using no op test run registrar
[2025-03-12 07:44:34] [1] [ERROR] TEST [TestNGTest-e204d20f-0c04-49b6-aacc-0127ff9326ee - testCreateUser] FAILED at [20:44:34 2025-03-12] - class "com.google.gson.internal.reflect.ReflectionHelper"'s signer information does not match signer information of other classes in the same package

java.base/java.lang.ClassLoader.checkCerts(ClassLoader.java:1158)
java.base/java.lang.ClassLoader.preDefineClass(ClassLoader.java:902)
java.base/java.lang.ClassLoader.defineClass(ClassLoader.java:1010)
java.base/java.security.SecureClassLoader.defineClass(SecureClassLoader.java:150)
java.base/jdk.internal.loader.BuiltinClassLoader.defineClass(BuiltinClassLoader.java:862)
java.base/jdk.internal.loader.BuiltinClassLoader.findClassOnClassPathOrNull(BuiltinClassLoader.java:760)
java.base/jdk.internal.loader.BuiltinClassLoader.loadClassOrNull(BuiltinClassLoader.java:681)
java.base/jdk.internal.loader.BuiltinClassLoader.loadClass(BuiltinClassLoader.java:639)
java.base/jdk.internal.loader.ClassLoaders$AppClassLoader.loadClass(ClassLoaders.java:188)
java.base/java.lang.ClassLoader.loadClass(ClassLoader.java:520)
com.google.gson.internal.ConstructorConstructor.newDefaultConstructor(ConstructorConstructor.java:115)
com.google.gson.internal.ConstructorConstructor.get(ConstructorConstructor.java:88)
com.google.gson.internal.bind.ReflectiveTypeAdapterFactory.create(ReflectiveTypeAdapterFactory.java:100)
com.google.gson.Gson.getAdapter(Gson.java:501)
com.google.gson.Gson.toJson(Gson.java:739)
com.google.gson.Gson.toJson(Gson.java:726)
com.google.gson.Gson.toJson(Gson.java:681)
com.google.gson.Gson.toJson(Gson.java:661)
com.zebrunner.agent.testng.core.TestInvocationContext.asJsonString(TestInvocationContext.java:66)
com.zebrunner.agent.testng.adapter.TestNGAdapter.registerTestStart(TestNGAdapter.java:87)
com.zebrunner.agent.testng.listener.TestRunListener.onTestStart(TestRunListener.java:52)
com.nordstrom.automation.testng.ListenerChain.onTestStart(ListenerChain.java:363)
org.testng.internal.TestListenerHelper.runTestListeners(TestListenerHelper.java:115)
org.testng.internal.invokers.TestInvoker.runTestResultListener(TestInvoker.java:262)
org.testng.internal.invokers.TestInvoker.invokeMethod(TestInvoker.java:625)
org.testng.internal.invokers.TestInvoker.invokeTestMethod(TestInvoker.java:227)
org.testng.internal.invokers.MethodRunner.runInSequence(MethodRunner.java:50)
org.testng.internal.invokers.TestInvoker$MethodInvocationAgent.invoke(TestInvoker.java:957)
org.testng.internal.invokers.TestInvoker.invokeTestMethods(TestInvoker.java:200)
org.testng.internal.invokers.TestMethodWorker.invokeTestMethods(TestMethodWorker.java:148)
org.testng.internal.invokers.TestMethodWorker.run(TestMethodWorker.java:128)
java.base/java.util.ArrayList.forEach(ArrayList.java:1511)
org.testng.TestRunner.privateRun(TestRunner.java:848)
org.testng.TestRunner.run(TestRunner.java:621)
org.testng.SuiteRunner.runTest(SuiteRunner.java:443)
org.testng.SuiteRunner.runSequentially(SuiteRunner.java:437)
org.testng.SuiteRunner.privateRun(SuiteRunner.java:397)
org.testng.SuiteRunner.run(SuiteRunner.java:336)
org.testng.SuiteRunnerWorker.runSuite(SuiteRunnerWorker.java:52)
org.testng.SuiteRunnerWorker.run(SuiteRunnerWorker.java:95)
org.testng.TestNG.runSuitesSequentially(TestNG.java:1280)
org.testng.TestNG.runSuitesLocally(TestNG.java:1200)
org.testng.TestNG.runSuites(TestNG.java:1114)
org.testng.TestNG.run(TestNG.java:1082)
com.microsoft.java.test.runner.testng.TestNGRunner.run(TestNGRunner.java:45)
com.microsoft.java.test.runner.testng.TestNGLauncher.execute(TestNGLauncher.java:32)
com.microsoft.java.test.runner.Launcher.main(Launcher.java:57)
[2025-03-12 07:44:34] [1] [WARN] Reporting disabled: using no op test run registrar
[2025-03-12 07:44:34] [1] [ERROR] TEST [TestNGTest-e204d20f-0c04-49b6-aacc-0127ff9326ee - testDeleteUser] FAILED at [20:44:34 2025-03-12] - class "com.google.gson.internal.reflect.ReflectionHelper"'s signer information does not match signer information of other classes in the same package

java.base/java.lang.ClassLoader.checkCerts(ClassLoader.java:1158)
java.base/java.lang.ClassLoader.preDefineClass(ClassLoader.java:902)
java.base/java.lang.ClassLoader.defineClass(ClassLoader.java:1010)
java.base/java.security.SecureClassLoader.defineClass(SecureClassLoader.java:150)
java.base/jdk.internal.loader.BuiltinClassLoader.defineClass(BuiltinClassLoader.java:862)
java.base/jdk.internal.loader.BuiltinClassLoader.findClassOnClassPathOrNull(BuiltinClassLoader.java:760)
java.base/jdk.internal.loader.BuiltinClassLoader.loadClassOrNull(BuiltinClassLoader.java:681)
java.base/jdk.internal.loader.BuiltinClassLoader.loadClass(BuiltinClassLoader.java:639)
java.base/jdk.internal.loader.ClassLoaders$AppClassLoader.loadClass(ClassLoaders.java:188)
java.base/java.lang.ClassLoader.loadClass(ClassLoader.java:520)
com.google.gson.internal.ConstructorConstructor.newDefaultConstructor(ConstructorConstructor.java:115)
com.google.gson.internal.ConstructorConstructor.get(ConstructorConstructor.java:88)
com.google.gson.internal.bind.ReflectiveTypeAdapterFactory.create(ReflectiveTypeAdapterFactory.java:100)
com.google.gson.Gson.getAdapter(Gson.java:501)
com.google.gson.Gson.toJson(Gson.java:739)
com.google.gson.Gson.toJson(Gson.java:726)
com.google.gson.Gson.toJson(Gson.java:681)
com.google.gson.Gson.toJson(Gson.java:661)
com.zebrunner.agent.testng.core.TestInvocationContext.asJsonString(TestInvocationContext.java:66)
com.zebrunner.agent.testng.adapter.TestNGAdapter.registerTestStart(TestNGAdapter.java:87)
com.zebrunner.agent.testng.listener.TestRunListener.onTestStart(TestRunListener.java:52)
com.nordstrom.automation.testng.ListenerChain.onTestStart(ListenerChain.java:363)
org.testng.internal.TestListenerHelper.runTestListeners(TestListenerHelper.java:115)
org.testng.internal.invokers.TestInvoker.runTestResultListener(TestInvoker.java:262)
org.testng.internal.invokers.TestInvoker.invokeMethod(TestInvoker.java:625)
org.testng.internal.invokers.TestInvoker.invokeTestMethod(TestInvoker.java:227)
org.testng.internal.invokers.MethodRunner.runInSequence(MethodRunner.java:50)
org.testng.internal.invokers.TestInvoker$MethodInvocationAgent.invoke(TestInvoker.java:957)
org.testng.internal.invokers.TestInvoker.invokeTestMethods(TestInvoker.java:200)
org.testng.internal.invokers.TestMethodWorker.invokeTestMethods(TestMethodWorker.java:148)
org.testng.internal.invokers.TestMethodWorker.run(TestMethodWorker.java:128)
java.base/java.util.ArrayList.forEach(ArrayList.java:1511)
org.testng.TestRunner.privateRun(TestRunner.java:848)
org.testng.TestRunner.run(TestRunner.java:621)
org.testng.SuiteRunner.runTest(SuiteRunner.java:443)
org.testng.SuiteRunner.runSequentially(SuiteRunner.java:437)
org.testng.SuiteRunner.privateRun(SuiteRunner.java:397)
org.testng.SuiteRunner.run(SuiteRunner.java:336)
org.testng.SuiteRunnerWorker.runSuite(SuiteRunnerWorker.java:52)
org.testng.SuiteRunnerWorker.run(SuiteRunnerWorker.java:95)
org.testng.TestNG.runSuitesSequentially(TestNG.java:1280)
org.testng.TestNG.runSuitesLocally(TestNG.java:1200)
org.testng.TestNG.runSuites(TestNG.java:1114)
org.testng.TestNG.run(TestNG.java:1082)
com.microsoft.java.test.runner.testng.TestNGRunner.run(TestNGRunner.java:45)
com.microsoft.java.test.runner.testng.TestNGLauncher.execute(TestNGLauncher.java:32)
com.microsoft.java.test.runner.Launcher.main(Launcher.java:57)
[2025-03-12 07:44:34] [1] [WARN] Reporting disabled: using no op test run registrar
[2025-03-12 07:44:34] [1] [ERROR] TEST [TestNGTest-e204d20f-0c04-49b6-aacc-0127ff9326ee - testGetUser] FAILED at [20:44:34 2025-03-12] - class "com.google.gson.internal.reflect.ReflectionHelper"'s signer information does not match signer information of other classes in the same package

java.base/java.lang.ClassLoader.checkCerts(ClassLoader.java:1158)
java.base/java.lang.ClassLoader.preDefineClass(ClassLoader.java:902)
java.base/java.lang.ClassLoader.defineClass(ClassLoader.java:1010)
java.base/java.security.SecureClassLoader.defineClass(SecureClassLoader.java:150)
java.base/jdk.internal.loader.BuiltinClassLoader.defineClass(BuiltinClassLoader.java:862)
java.base/jdk.internal.loader.BuiltinClassLoader.findClassOnClassPathOrNull(BuiltinClassLoader.java:760)
java.base/jdk.internal.loader.BuiltinClassLoader.loadClassOrNull(BuiltinClassLoader.java:681)
java.base/jdk.internal.loader.BuiltinClassLoader.loadClass(BuiltinClassLoader.java:639)
java.base/jdk.internal.loader.ClassLoaders$AppClassLoader.loadClass(ClassLoaders.java:188)
java.base/java.lang.ClassLoader.loadClass(ClassLoader.java:520)
com.google.gson.internal.ConstructorConstructor.newDefaultConstructor(ConstructorConstructor.java:115)
com.google.gson.internal.ConstructorConstructor.get(ConstructorConstructor.java:88)
com.google.gson.internal.bind.ReflectiveTypeAdapterFactory.create(ReflectiveTypeAdapterFactory.java:100)
com.google.gson.Gson.getAdapter(Gson.java:501)
com.google.gson.Gson.toJson(Gson.java:739)
com.google.gson.Gson.toJson(Gson.java:726)
com.google.gson.Gson.toJson(Gson.java:681)
com.google.gson.Gson.toJson(Gson.java:661)
com.zebrunner.agent.testng.core.TestInvocationContext.asJsonString(TestInvocationContext.java:66)
com.zebrunner.agent.testng.adapter.TestNGAdapter.registerTestStart(TestNGAdapter.java:87)
com.zebrunner.agent.testng.listener.TestRunListener.onTestStart(TestRunListener.java:52)
com.nordstrom.automation.testng.ListenerChain.onTestStart(ListenerChain.java:363)
org.testng.internal.TestListenerHelper.runTestListeners(TestListenerHelper.java:115)
org.testng.internal.invokers.TestInvoker.runTestResultListener(TestInvoker.java:262)
org.testng.internal.invokers.TestInvoker.invokeMethod(TestInvoker.java:625)
org.testng.internal.invokers.TestInvoker.invokeTestMethod(TestInvoker.java:227)
org.testng.internal.invokers.MethodRunner.runInSequence(MethodRunner.java:50)
org.testng.internal.invokers.TestInvoker$MethodInvocationAgent.invoke(TestInvoker.java:957)
org.testng.internal.invokers.TestInvoker.invokeTestMethods(TestInvoker.java:200)
org.testng.internal.invokers.TestMethodWorker.invokeTestMethods(TestMethodWorker.java:148)
org.testng.internal.invokers.TestMethodWorker.run(TestMethodWorker.java:128)
java.base/java.util.ArrayList.forEach(ArrayList.java:1511)
org.testng.TestRunner.privateRun(TestRunner.java:848)
org.testng.TestRunner.run(TestRunner.java:621)
org.testng.SuiteRunner.runTest(SuiteRunner.java:443)
org.testng.SuiteRunner.runSequentially(SuiteRunner.java:437)
org.testng.SuiteRunner.privateRun(SuiteRunner.java:397)
org.testng.SuiteRunner.run(SuiteRunner.java:336)
org.testng.SuiteRunnerWorker.runSuite(SuiteRunnerWorker.java:52)
org.testng.SuiteRunnerWorker.run(SuiteRunnerWorker.java:95)
org.testng.TestNG.runSuitesSequentially(TestNG.java:1280)
org.testng.TestNG.runSuitesLocally(TestNG.java:1200)
org.testng.TestNG.runSuites(TestNG.java:1114)
org.testng.TestNG.run(TestNG.java:1082)
com.microsoft.java.test.runner.testng.TestNGRunner.run(TestNGRunner.java:45)
com.microsoft.java.test.runner.testng.TestNGLauncher.execute(TestNGLauncher.java:32)
com.microsoft.java.test.runner.Launcher.main(Launcher.java:57)
[2025-03-12 07:44:34] [1] [WARN] Reporting disabled: using no op test run registrar
[2025-03-12 07:44:34] [1] [ERROR] TEST [TestNGTest-e204d20f-0c04-49b6-aacc-0127ff9326ee - testGetUsers] FAILED at [20:44:34 2025-03-12] - class "com.google.gson.internal.reflect.ReflectionHelper"'s signer information does not match signer information of other classes in the same package

java.base/java.lang.ClassLoader.checkCerts(ClassLoader.java:1158)
java.base/java.lang.ClassLoader.preDefineClass(ClassLoader.java:902)
java.base/java.lang.ClassLoader.defineClass(ClassLoader.java:1010)
java.base/java.security.SecureClassLoader.defineClass(SecureClassLoader.java:150)
java.base/jdk.internal.loader.BuiltinClassLoader.defineClass(BuiltinClassLoader.java:862)
java.base/jdk.internal.loader.BuiltinClassLoader.findClassOnClassPathOrNull(BuiltinClassLoader.java:760)
java.base/jdk.internal.loader.BuiltinClassLoader.loadClassOrNull(BuiltinClassLoader.java:681)
java.base/jdk.internal.loader.BuiltinClassLoader.loadClass(BuiltinClassLoader.java:639)
java.base/jdk.internal.loader.ClassLoaders$AppClassLoader.loadClass(ClassLoaders.java:188)
java.base/java.lang.ClassLoader.loadClass(ClassLoader.java:520)
com.google.gson.internal.ConstructorConstructor.newDefaultConstructor(ConstructorConstructor.java:115)
com.google.gson.internal.ConstructorConstructor.get(ConstructorConstructor.java:88)
com.google.gson.internal.bind.ReflectiveTypeAdapterFactory.create(ReflectiveTypeAdapterFactory.java:100)
com.google.gson.Gson.getAdapter(Gson.java:501)
com.google.gson.Gson.toJson(Gson.java:739)
com.google.gson.Gson.toJson(Gson.java:726)
com.google.gson.Gson.toJson(Gson.java:681)
com.google.gson.Gson.toJson(Gson.java:661)
com.zebrunner.agent.testng.core.TestInvocationContext.asJsonString(TestInvocationContext.java:66)
com.zebrunner.agent.testng.adapter.TestNGAdapter.registerTestStart(TestNGAdapter.java:87)
com.zebrunner.agent.testng.listener.TestRunListener.onTestStart(TestRunListener.java:52)
com.nordstrom.automation.testng.ListenerChain.onTestStart(ListenerChain.java:363)
org.testng.internal.TestListenerHelper.runTestListeners(TestListenerHelper.java:115)
org.testng.internal.invokers.TestInvoker.runTestResultListener(TestInvoker.java:262)
org.testng.internal.invokers.TestInvoker.invokeMethod(TestInvoker.java:625)
org.testng.internal.invokers.TestInvoker.invokeTestMethod(TestInvoker.java:227)
org.testng.internal.invokers.MethodRunner.runInSequence(MethodRunner.java:50)
org.testng.internal.invokers.TestInvoker$MethodInvocationAgent.invoke(TestInvoker.java:957)
org.testng.internal.invokers.TestInvoker.invokeTestMethods(TestInvoker.java:200)
org.testng.internal.invokers.TestMethodWorker.invokeTestMethods(TestMethodWorker.java:148)
org.testng.internal.invokers.TestMethodWorker.run(TestMethodWorker.java:128)
java.base/java.util.ArrayList.forEach(ArrayList.java:1511)
org.testng.TestRunner.privateRun(TestRunner.java:848)
org.testng.TestRunner.run(TestRunner.java:621)
org.testng.SuiteRunner.runTest(SuiteRunner.java:443)
org.testng.SuiteRunner.runSequentially(SuiteRunner.java:437)
org.testng.SuiteRunner.privateRun(SuiteRunner.java:397)
org.testng.SuiteRunner.run(SuiteRunner.java:336)
org.testng.SuiteRunnerWorker.runSuite(SuiteRunnerWorker.java:52)
org.testng.SuiteRunnerWorker.run(SuiteRunnerWorker.java:95)
org.testng.TestNG.runSuitesSequentially(TestNG.java:1280)
org.testng.TestNG.runSuitesLocally(TestNG.java:1200)
org.testng.TestNG.runSuites(TestNG.java:1114)
org.testng.TestNG.run(TestNG.java:1082)
com.microsoft.java.test.runner.testng.TestNGRunner.run(TestNGRunner.java:45)
com.microsoft.java.test.runner.testng.TestNGLauncher.execute(TestNGLauncher.java:32)
com.microsoft.java.test.runner.Launcher.main(Launcher.java:57)
[2025-03-12 07:44:34] [1] [INFO] INFO: '**************** Test execution summary ****************'.
[2025-03-12 07:44:34] [1] [INFO] RESULT #1: TEST [TestNGTest-e204d20f-0c04-49b6-aacc-0127ff9326ee - testCreateUser] FAIL [log=file://C:\tools\exercises\EclipseWorkspace\CarinaTests\CarinaTests\carina-tests\reports\1741808671079/1741808671079/test.log]
[2025-03-12 07:44:34] [1] [INFO] RESULT #2: TEST [TestNGTest-e204d20f-0c04-49b6-aacc-0127ff9326ee - testDeleteUser] FAIL [log=file://C:\tools\exercises\EclipseWorkspace\CarinaTests\CarinaTests\carina-tests\reports\1741808671079/1741808671079/test.log]
[2025-03-12 07:44:34] [1] [INFO] RESULT #3: TEST [TestNGTest-e204d20f-0c04-49b6-aacc-0127ff9326ee - testGetUser] FAIL [log=file://C:\tools\exercises\EclipseWorkspace\CarinaTests\CarinaTests\carina-tests\reports\1741808671079/1741808671079/test.log]
[2025-03-12 07:44:34] [1] [INFO] RESULT #4: TEST [TestNGTest-e204d20f-0c04-49b6-aacc-0127ff9326ee - testGetUsers] FAIL [log=file://C:\tools\exercises\EclipseWorkspace\CarinaTests\CarinaTests\carina-tests\reports\1741808671079/1741808671079/test.log]
