<div id='container' style='width: 98%; padding: 10px; margin: 0; background: #EBEBE0; color: #717171; font-family: Calibri;'><div id='summary'><h2 align='center' style='background-color: gray; color: white; padding: 10px; margin: 0;'>FAILED: Surefire suite () - DEMO ()</h2><br><h2 style='clear: both; margin: 0;'>Summary:</h2><hr/><table style='width: 1000px;'><tr><td style='width: 100px;'>Environment:</td><td>DEMO - <a href='https://fakestoreapi.com'>https://fakestoreapi.com</a></td></tr><tr><td>Version:</td><td></td></tr><tr><td>Browser:</td><td></td></tr><tr><td>Finished:</td><td>20:30:27 2025-03-12</td></tr><tr class='pass' style='color: #66C266;'><td>Passed: </td><td>1</td></tr><tr class='fail' style='color: #FF5C33;'><td>Failed:</td><td>3</td></tr><tr class='skip' style='color: #FFD700;'><td>Skipped:</td><td>0</td></tr><tr><td>Success rate:</td><td>25%</td></tr></table></div><br><br><div id='results'><h2 style='margin: 0;'>Test results:</h2><hr/><table cellspacing='0' cellpadding='0' style='width: 100%;'><tr><th width='10%' align='center'>Result</th><th width='75%'>Test name</th><th width='10%'>Test files</th></tr><tr><td colspan='4' class='package' style='background: gray; border-style: solid; border-width: 1px; border-color: white; padding: 5px; color: white;'>com.solvd.carina.tests</td></tr>
<tr class='fail' style='background: #FF5C33;'><td align='center' style='border-style: solid; border-width: 1px; border-color: white; padding: 5px; color: white;'>FAILED</td><td style='border-style: solid; border-width: 1px; border-color: white; padding: 5px; color: white;'><span>Surefire test - testCreateUser</span><div style="background:#ffcccc; color: black; padding: 5px; margin: 2px 0px 2px 0px;"><br/>Expected: email<br/>     but none found<br/> ; <br/>Expected: password<br/>     but none found<br/> ; <br/>Expected: username<br/>     but none found<br/> ; <br/>Unexpected: id<br/><br/><br/>org.skyscreamer.jsonassert.JSONAssert.assertEquals(JSONAssert.java:482)<br/>org.skyscreamer.jsonassert.JSONAssert.assertEquals(JSONAssert.java:464)<br/>com.zebrunner.carina.api.AbstractApiMethodV2.validateResponse(AbstractApiMethodV2.java:339)<br/>com.zebrunner.carina.api.AbstractApiMethodV2.validateResponse(AbstractApiMethodV2.java:299)<br/>com.zebrunner.carina.api.AbstractApiMethodV2.validateResponse(AbstractApiMethodV2.java:363)<br/>com.solvd.carina.tests.APITests.testCreateUser(APITests.java:39)<br/>java.base/jdk.internal.reflect.NativeMethodAccessorImpl.invoke0(Native Method)<br/>java.base/jdk.internal.reflect.NativeMethodAccessorImpl.invoke(NativeMethodAccessorImpl.java:77)<br/>java.base/jdk.internal.reflect.DelegatingMethodAccessorImpl.invoke(DelegatingMethodAccessorImpl.java:43)<br/>java.base/java.lang.reflect.Method.invoke(Method.java:568)<br/>org.testng.internal.invokers.MethodInvocationHelper.invokeMethod(MethodInvocationHelper.java:139)<br/>org.testng.internal.invokers.TestInvoker.invokeMethod(TestInvoker.java:664)<br/>org.testng.internal.invokers.TestInvoker.invokeTestMethod(TestInvoker.java:227)<br/>org.testng.internal.invokers.MethodRunner.runInSequence(MethodRunner.java:50)<br/>org.testng.internal.invokers.TestInvoker$MethodInvocationAgent.invoke(TestInvoker.java:957)<br/>org.testng.internal.invokers.TestInvoker.invokeTestMethods(TestInvoker.java:200)<br/>org.testng.internal.invokers.TestMethodWorker.invokeTestMethods(TestMethodWorker.java:148)<br/>org.testng.internal.invokers.TestMethodWorker.run(TestMethodWorker.java:128)<br/>java.base/java.util.ArrayList.forEach(ArrayList.java:1511)<br/>org.testng.TestRunner.privateRun(TestRunner.java:848)<br/>org.testng.TestRunner.run(TestRunner.java:621)<br/>org.testng.SuiteRunner.runTest(SuiteRunner.java:443)<br/>org.testng.SuiteRunner.runSequentially(SuiteRunner.java:437)<br/>org.testng.SuiteRunner.privateRun(SuiteRunner.java:397)<br/>org.testng.SuiteRunner.run(SuiteRunner.java:336)<br/>org.testng.SuiteRunnerWorke...</div></td><td align='center' style='border-style: solid; border-width: 1px; border-color: white; padding: 5px; color: white;'><a target='_blank' href='file://C:\tools\exercises\EclipseWorkspace\CarinaTests\CarinaTests\carina-tests\reports\1741807818430/b97c6900-1f7e-4bec-8381-6d783c97d1c8/test.log' style='color: white;'>Logs</a></td></tr>
<tr class='pass' style='background: #66C266;'><td align='center' style='border-style: solid; border-width: 1px; border-color: white; padding: 5px; color: white;'>PASSED</td><td style='border-style: solid; border-width: 1px; border-color: white; padding: 5px; color: white;'>Surefire test - testDeleteUser</td><td align='center' style='border-style: solid; border-width: 1px; border-color: white; padding: 5px; color: white;'><a target='_blank' href='file://C:\tools\exercises\EclipseWorkspace\CarinaTests\CarinaTests\carina-tests\reports\1741807818430/9ef4d0cf-1d99-4e9b-9573-6b2cb43ca456/test.log' style='color: white;'>Logs</a></td></tr>
<tr class='fail' style='background: #FF5C33;'><td align='center' style='border-style: solid; border-width: 1px; border-color: white; padding: 5px; color: white;'>FAILED</td><td style='border-style: solid; border-width: 1px; border-color: white; padding: 5px; color: white;'><span>Surefire test - testGetUser</span><div style="background:#ffcccc; color: black; padding: 5px; margin: 2px 0px 2px 0px;">Validation against Json schema failed: <br/>[]: instance type (object) does not match any allowed primitive type (allowed: [&quot;array&quot;])<br/><br/><br/>com.zebrunner.carina.api.apitools.validation.JsonValidator.validateJsonAgainstSchemaV3V4(JsonValidator.java:121)<br/>com.zebrunner.carina.api.apitools.validation.JsonValidator.validateJsonAgainstSchema(JsonValidator.java:74)<br/>com.zebrunner.carina.api.AbstractApiMethodV2.validateResponseAgainstSchema(AbstractApiMethodV2.java:388)<br/>com.solvd.carina.tests.APITests.testGetUser(APITests.java:61)<br/>java.base/jdk.internal.reflect.NativeMethodAccessorImpl.invoke0(Native Method)<br/>java.base/jdk.internal.reflect.NativeMethodAccessorImpl.invoke(NativeMethodAccessorImpl.java:77)<br/>java.base/jdk.internal.reflect.DelegatingMethodAccessorImpl.invoke(DelegatingMethodAccessorImpl.java:43)<br/>java.base/java.lang.reflect.Method.invoke(Method.java:568)<br/>org.testng.internal.invokers.MethodInvocationHelper.invokeMethod(MethodInvocationHelper.java:139)<br/>org.testng.internal.invokers.TestInvoker.invokeMethod(TestInvoker.java:664)<br/>org.testng.internal.invokers.TestInvoker.invokeTestMethod(TestInvoker.java:227)<br/>org.testng.internal.invokers.MethodRunner.runInSequence(MethodRunner.java:50)<br/>org.testng.internal.invokers.TestInvoker$MethodInvocationAgent.invoke(TestInvoker.java:957)<br/>org.testng.internal.invokers.TestInvoker.invokeTestMethods(TestInvoker.java:200)<br/>org.testng.internal.invokers.TestMethodWorker.invokeTestMethods(TestMethodWorker.java:148)<br/>org.testng.internal.invokers.TestMethodWorker.run(TestMethodWorker.java:128)<br/>java.base/java.util.ArrayList.forEach(ArrayList.java:1511)<br/>org.testng.TestRunner.privateRun(TestRunner.java:848)<br/>org.testng.TestRunner.run(TestRunner.java:621)<br/>org.testng.SuiteRunner.runTest(SuiteRunner.java:443)<br/>org.testng.SuiteRunner.runSequentially(SuiteRunner.java:437)<br/>org.testng.SuiteRunner.privateRun(SuiteRunner.java:397)<br/>org.testng.SuiteRunner.run(SuiteRunner.java:336)<br/>org.testng.SuiteRunnerWorker.runSuite(SuiteRunnerWorker.java:52)<br/>org.testng.SuiteRunnerWorker.run(SuiteRunnerWorker.java:95)<br/>org.testng....</div></td><td align='center' style='border-style: solid; border-width: 1px; border-color: white; padding: 5px; color: white;'><a target='_blank' href='file://C:\tools\exercises\EclipseWorkspace\CarinaTests\CarinaTests\carina-tests\reports\1741807818430/5d12da97-da0d-4dac-9267-ba97e523ab2f/test.log' style='color: white;'>Logs</a></td></tr>
<tr class='fail' style='background: #FF5C33;'><td align='center' style='border-style: solid; border-width: 1px; border-color: white; padding: 5px; color: white;'>FAILED</td><td style='border-style: solid; border-width: 1px; border-color: white; padding: 5px; color: white;'><span>Surefire test - testGetUsers</span><div style="background:#ffcccc; color: black; padding: 5px; margin: 2px 0px 2px 0px;">Exception during processing Json<br/><br/>com.zebrunner.carina.api.apitools.validation.JsonValidator.validateJsonAgainstSchemaV3V4(JsonValidator.java:105)<br/>com.zebrunner.carina.api.apitools.validation.JsonValidator.validateJsonAgainstSchema(JsonValidator.java:74)<br/>com.zebrunner.carina.api.AbstractApiMethodV2.validateResponseAgainstSchema(AbstractApiMethodV2.java:388)<br/>com.solvd.carina.tests.APITests.testGetUsers(APITests.java:49)<br/>java.base/jdk.internal.reflect.NativeMethodAccessorImpl.invoke0(Native Method)<br/>java.base/jdk.internal.reflect.NativeMethodAccessorImpl.invoke(NativeMethodAccessorImpl.java:77)<br/>java.base/jdk.internal.reflect.DelegatingMethodAccessorImpl.invoke(DelegatingMethodAccessorImpl.java:43)<br/>java.base/java.lang.reflect.Method.invoke(Method.java:568)<br/>org.testng.internal.invokers.MethodInvocationHelper.invokeMethod(MethodInvocationHelper.java:139)<br/>org.testng.internal.invokers.TestInvoker.invokeMethod(TestInvoker.java:664)<br/>org.testng.internal.invokers.TestInvoker.invokeTestMethod(TestInvoker.java:227)<br/>org.testng.internal.invokers.MethodRunner.runInSequence(MethodRunner.java:50)<br/>org.testng.internal.invokers.TestInvoker$MethodInvocationAgent.invoke(TestInvoker.java:957)<br/>org.testng.internal.invokers.TestInvoker.invokeTestMethods(TestInvoker.java:200)<br/>org.testng.internal.invokers.TestMethodWorker.invokeTestMethods(TestMethodWorker.java:148)<br/>org.testng.internal.invokers.TestMethodWorker.run(TestMethodWorker.java:128)<br/>java.base/java.util.ArrayList.forEach(ArrayList.java:1511)<br/>org.testng.TestRunner.privateRun(TestRunner.java:848)<br/>org.testng.TestRunner.run(TestRunner.java:621)<br/>org.testng.SuiteRunner.runTest(SuiteRunner.java:443)<br/>org.testng.SuiteRunner.runSequentially(SuiteRunner.java:437)<br/>org.testng.SuiteRunner.privateRun(SuiteRunner.java:397)<br/>org.testng.SuiteRunner.run(SuiteRunner.java:336)<br/>org.testng.SuiteRunnerWorker.runSuite(SuiteRunnerWorker.java:52)<br/>org.testng.SuiteRunnerWorker.run(SuiteRunnerWorker.java:95)<br/>org.testng.TestNG.runSuitesSequentially(TestNG.java:1280)<br/>org.testng.TestNG.runSuitesLocally(TestNG.java:120...</div></td><td align='center' style='border-style: solid; border-width: 1px; border-color: white; padding: 5px; color: white;'><a target='_blank' href='file://C:\tools\exercises\EclipseWorkspace\CarinaTests\CarinaTests\carina-tests\reports\1741807818430/09ce360e-bc72-4f35-8828-3ba18f504671/test.log' style='color: white;'>Logs</a></td></tr>
</table></div></div>
