[2025-03-12 07:25:32] [1] [WARN] Reporting disabled: using no op test run registrar
[2025-03-12 07:25:32] [1] [INFO] TEST [Surefire test - testCreateUser] STARTED at [20:25:32 2025-03-12]
[2025-03-12 07:25:32] [1] [INFO] Test - create user
[2025-03-12 07:25:32] [1] [INFO] Base properties loaded: api/users/user.properties
[2025-03-12 07:25:35] [1] [INFO] Request method:	POST
Request URI:	https://fakestoreapi.com/users
Request params:	<none>
Query params:	<none>
Form params:	<none>
Path params:	<none>
Multiparts:		<none>
Cookies:		<none>
Headers:		Accept=*/*
				Content-Type=application/json; charset=UTF-8
Body:
{
    "email": "mathew@car",
    "username": "Mathew123",
    "password": "password"
}
HTTP/1.1 200 OK
Date: Wed, 12 Mar 2025 19:25:33 GMT
Content-Type: application/json; charset=utf-8
Content-Length: 9
Connection: keep-alive
access-control-allow-origin: *
etag: W/"9-hVv0cNJophUD7CGn+ZqXp8tVGo0"
x-powered-by: Express
cf-cache-status: DYNAMIC
Report-To: {"endpoints":[{"url":"https:\/\/a.nel.cloudflare.com\/report\/v4?s=b91PSDmVOZGVRyjs5sU60dEFKm%2BKuCDgtg1qdgA11q42aE1WX2OE8AMMZEAvP0sVsiRE9HEPNi6f7ntPetMVGvsPIiAqeUANBEy5%2BGtT9NSRZAfUDYKMz9eaU%2Bnjjm9bgY5e"}],"group":"cf-nel","max_age":604800}
NEL: {"success_fraction":0,"report_to":"cf-nel","max_age":604800}
Server: cloudflare
CF-RAY: 91f5ad9d683d289c-WAW
alt-svc: h3=":443"; ma=86400
server-timing: cfL4;desc="?proto=TCP&rtt=20101&min_rtt=17029&rtt_var=10571&sent=7&recv=7&lost=0&retrans=0&sent_bytes=3127&recv_bytes=940&delivery_rate=124386&cwnd=252&unsent_bytes=0&cid=5622b8282696c5a6&ts=314&x=0"

{
    "id": 11
}

[2025-03-12 07:25:36] [1] [INFO] Request method:	POST
Request URI:	https://fakestoreapi.com/users
Request params:	<none>
Query params:	<none>
Form params:	<none>
Path params:	<none>
Multiparts:		<none>
Cookies:		<none>
Headers:		Accept=*/*
				Content-Type=application/json; charset=UTF-8
Body:
{
    "email": "mathew@car",
    "username": "Mathew123",
    "password": "password"
}
HTTP/1.1 200 OK
Date: Wed, 12 Mar 2025 19:25:35 GMT
Content-Type: application/json; charset=utf-8
Content-Length: 9
Connection: keep-alive
access-control-allow-origin: *
etag: W/"9-hVv0cNJophUD7CGn+ZqXp8tVGo0"
x-powered-by: Express
cf-cache-status: DYNAMIC
Report-To: {"endpoints":[{"url":"https:\/\/a.nel.cloudflare.com\/report\/v4?s=EMnG2QuvdppExvkGem3NB%2FL1%2BOgk3KZtXF6KcTk59sgsgUjG67IC8QS8HBIcwEISGRgvF8vI8XXtFXbAve2OohAXQGlKdwz%2BsvD0oSymMAS0R%2FkG2CPvwrJhirJTRdaIvVt3"}],"group":"cf-nel","max_age":604800}
NEL: {"success_fraction":0,"report_to":"cf-nel","max_age":604800}
Server: cloudflare
CF-RAY: 91f5ada62c9ca280-VIE
alt-svc: h3=":443"; ma=86400
server-timing: cfL4;desc="?proto=TCP&rtt=42585&min_rtt=41849&rtt_var=13193&sent=5&recv=6&lost=0&retrans=0&sent_bytes=3127&recv_bytes=940&delivery_rate=90557&cwnd=252&unsent_bytes=0&cid=b16ca4cb278fd26a&ts=194&x=0"

{
    "id": 11
}

[2025-03-12 07:25:37] [1] [INFO] Request method:	POST
Request URI:	https://fakestoreapi.com/users
Request params:	<none>
Query params:	<none>
Form params:	<none>
Path params:	<none>
Multiparts:		<none>
Cookies:		<none>
Headers:		Accept=*/*
				Content-Type=application/json; charset=UTF-8
Body:
{
    "email": "mathew@car",
    "username": "Mathew123",
    "password": "password"
}
HTTP/1.1 200 OK
Date: Wed, 12 Mar 2025 19:25:36 GMT
Content-Type: application/json; charset=utf-8
Content-Length: 9
Connection: keep-alive
access-control-allow-origin: *
etag: W/"9-hVv0cNJophUD7CGn+ZqXp8tVGo0"
x-powered-by: Express
cf-cache-status: DYNAMIC
Report-To: {"endpoints":[{"url":"https:\/\/a.nel.cloudflare.com\/report\/v4?s=OK6SBIl4qiaYDY%2FxHTH33uM4d76FsyYKTN7l8TEL%2B8ODB6S5ICNbRICCLjl094u9Zi2W0xYtPHf8yQIMqPQziACuSK7wyBEZD6R4M8P1KO9CXQC5DHp%2Fkl5psRP4HlJlttp2"}],"group":"cf-nel","max_age":604800}
NEL: {"success_fraction":0,"report_to":"cf-nel","max_age":604800}
Server: cloudflare
CF-RAY: 91f5adae1ed4bf41-WAW
alt-svc: h3=":443"; ma=86400
server-timing: cfL4;desc="?proto=TCP&rtt=14740&min_rtt=13756&rtt_var=5395&sent=5&recv=6&lost=0&retrans=0&sent_bytes=3126&recv_bytes=940&delivery_rate=218271&cwnd=251&unsent_bytes=0&cid=9205f43266bd1199&ts=190&x=0"

{
    "id": 11
}

[2025-03-12 07:25:37] [1] [ERROR] TEST [Surefire test - testCreateUser] FAILED at [20:25:37 2025-03-12] - 
Expected: email
     but none found
 ; 
Expected: password
     but none found
 ; 
Expected: username
     but none found
 ; 
Unexpected: id


org.skyscreamer.jsonassert.JSONAssert.assertEquals(JSONAssert.java:482)
org.skyscreamer.jsonassert.JSONAssert.assertEquals(JSONAssert.java:464)
com.zebrunner.carina.api.AbstractApiMethodV2.validateResponse(AbstractApiMethodV2.java:339)
com.zebrunner.carina.api.AbstractApiMethodV2.validateResponse(AbstractApiMethodV2.java:299)
com.zebrunner.carina.api.AbstractApiMethodV2.validateResponse(AbstractApiMethodV2.java:363)
com.solvd.carina.tests.APITests.testCreateUser(APITests.java:39)
java.base/jdk.internal.reflect.NativeMethodAccessorImpl.invoke0(Native Method)
java.base/jdk.internal.reflect.NativeMethodAccessorImpl.invoke(NativeMethodAccessorImpl.java:77)
java.base/jdk.internal.reflect.DelegatingMethodAccessorImpl.invoke(DelegatingMethodAccessorImpl.java:43)
java.base/java.lang.reflect.Method.invoke(Method.java:568)
org.testng.internal.invokers.MethodInvocationHelper.invokeMethod(MethodInvocationHelper.java:139)
org.testng.internal.invokers.TestInvoker.invokeMethod(TestInvoker.java:664)
org.testng.internal.invokers.TestInvoker.invokeTestMethod(TestInvoker.java:227)
org.testng.internal.invokers.MethodRunner.runInSequence(MethodRunner.java:50)
org.testng.internal.invokers.TestInvoker$MethodInvocationAgent.invoke(TestInvoker.java:957)
org.testng.internal.invokers.TestInvoker.invokeTestMethods(TestInvoker.java:200)
org.testng.internal.invokers.TestMethodWorker.invokeTestMethods(TestMethodWorker.java:148)
org.testng.internal.invokers.TestMethodWorker.run(TestMethodWorker.java:128)
java.base/java.util.ArrayList.forEach(ArrayList.java:1511)
org.testng.TestRunner.privateRun(TestRunner.java:848)
org.testng.TestRunner.run(TestRunner.java:621)
org.testng.SuiteRunner.runTest(SuiteRunner.java:443)
org.testng.SuiteRunner.runSequentially(SuiteRunner.java:437)
org.testng.SuiteRunner.privateRun(SuiteRunner.java:397)
org.testng.SuiteRunner.run(SuiteRunner.java:336)
org.testng.SuiteRunnerWorker.runSuite(SuiteRunnerWorker.java:52)
org.testng.SuiteRunnerWorker.run(SuiteRunnerWorker.java:95)
org.testng.TestNG.runSuitesSequentially(TestNG.java:1280)
org.testng.TestNG.runSuitesLocally(TestNG.java:1200)
org.testng.TestNG.runSuites(TestNG.java:1114)
org.testng.TestNG.run(TestNG.java:1082)
org.apache.maven.surefire.testng.TestNGExecutor.run(TestNGExecutor.java:155)
org.apache.maven.surefire.testng.TestNGDirectoryTestSuite.executeSingleClass(TestNGDirectoryTestSuite.java:102)
org.apache.maven.surefire.testng.TestNGDirectoryTestSuite.execute(TestNGDirectoryTestSuite.java:91)
org.apache.maven.surefire.testng.TestNGProvider.invoke(TestNGProvider.java:137)
org.apache.maven.surefire.booter.ForkedBooter.runSuitesInProcess(ForkedBooter.java:385)
org.apache.maven.surefire.booter.ForkedBooter.execute(ForkedBooter.java:162)
org.apache.maven.surefire.booter.ForkedBooter.run(ForkedBooter.java:507)
org.apache.maven.surefire.booter.ForkedBooter.main(ForkedBooter.java:495)
